android/proguard/seeds.txt
com.baidu.navisdk.model.datastruct.SearchCircle
com.baidu.navisdk.model.datastruct.SearchCircle: com.baidu.nplatform.comapi.basestruct.GeoPoint mCenter
com.baidu.navisdk.model.datastruct.SearchCircle: int mRadius
com.baidu.navisdk.model.datastruct.SearchCircle: SearchCircle(com.baidu.nplatform.comapi.basestruct.GeoPoint,int)
com.baidu.navisdk.model.datastruct.SearchCircle: SearchCircle(int,int,int)
com.baidu.navisdk.model.datastruct.SearchPoi
com.baidu.navisdk.model.datastruct.SearchPoi: int POI_TYPE_NORMAL
com.baidu.navisdk.model.datastruct.SearchPoi: int POI_TYPE_CITY_LIST
com.baidu.navisdk.model.datastruct.SearchPoi: java.lang.String mName
com.baidu.navisdk.model.datastruct.SearchPoi: java.lang.String mAddress
com.baidu.navisdk.model.datastruct.SearchPoi: java.lang.String mPhone
com.baidu.navisdk.model.datastruct.SearchPoi: com.baidu.nplatform.comapi.basestruct.GeoPoint mGuidePoint
com.baidu.navisdk.model.datastruct.SearchPoi: com.baidu.nplatform.comapi.basestruct.GeoPoint mViewPoint
com.baidu.navisdk.model.datastruct.SearchPoi: int mDistrictId
com.baidu.navisdk.model.datastruct.SearchPoi: int mType
com.baidu.navisdk.model.datastruct.SearchPoi: java.lang.String mStreetId
com.baidu.navisdk.model.datastruct.SearchPoi: int mId
com.baidu.navisdk.model.datastruct.SearchPoi: SearchPoi(com.baidu.navisdk.model.datastruct.SearchPoi)
com.baidu.navisdk.model.datastruct.SearchPoi: SearchPoi()
com.baidu.navisdk.model.datastruct.SearchPoi: void copy(com.baidu.navisdk.model.datastruct.SearchPoi)
com.baidu.navisdk.model.datastruct.SensorData
com.baidu.navisdk.model.datastruct.SensorData: double accx
com.baidu.navisdk.model.datastruct.SensorData: double accy
com.baidu.navisdk.model.datastruct.SensorData: double accz
com.baidu.navisdk.model.datastruct.SensorData: double heading
com.baidu.navisdk.model.datastruct.SensorData: double pitch
com.baidu.navisdk.model.datastruct.SensorData: double roll
com.baidu.navisdk.model.datastruct.SensorData: SensorData()
com.baidu.navisdk.model.datastruct.SensorData: com.baidu.navisdk.model.datastruct.SensorData clone()
com.baidu.navisdk.model.datastruct.SensorData: java.lang.String toString()
com.baidu.navisdk.model.datastruct.SensorData: java.lang.Object clone()
com.baidu.navisdk.model.datastruct.TrackListData
com.baidu.navisdk.model.datastruct.TrackListData: java.lang.String mTrackKey
com.baidu.navisdk.model.datastruct.TrackListData: java.lang.String mTrackName
com.baidu.navisdk.model.datastruct.TrackListData: java.lang.String mTrackStart
com.baidu.navisdk.model.datastruct.TrackListData: java.lang.String mTrackEnd
com.baidu.navisdk.model.datastruct.TrackListData: java.lang.String mTrackMileage
com.baidu.navisdk.model.datastruct.TrackListData: java.lang.String mTrackTimeLength
com.baidu.navisdk.model.datastruct.TrackListData: java.lang.String mTrackTime
com.baidu.navisdk.model.datastruct.TrackListData: java.lang.String mTrackSpeed
com.baidu.navisdk.model.datastruct.TrackListData: TrackListData()
com.baidu.navisdk.model.datastruct.TrackListData: TrackListData(java.lang.String)
com.baidu.navisdk.model.datastruct.TrackListData: java.lang.String toString()