android/proguard/mapping.txt
com.hyh.www.user.EditDataActivity$12 -> com.hyh.www.user.bm:
    com.hyh.www.user.EditDataActivity this$0 -> a
    java.lang.String val$ed_nickname_val -> b
    java.lang.String val$ed_real_name_val -> c
    java.lang.String val$ed_telephone_val -> d
    java.lang.String val$ed_dizhi_val -> e
    java.lang.String val$ed_youxiang_val -> f
    java.lang.String val$ed_zuoji_val -> g
    void OnAsynRequestFail(java.lang.String,java.lang.String) -> OnAsynRequestFail
    void onUpdateDone(java.lang.String) -> a
com.hyh.www.user.EditDataActivity$13 -> com.hyh.www.user.bn:
    com.hyh.www.user.EditDataActivity this$0 -> a
    void onDataCallBack(java.util.HashMap) -> a
com.hyh.www.user.EditDataActivity$14 -> com.hyh.www.user.bo:
    com.hyh.www.user.EditDataActivity this$0 -> a
    void OnAsynRequestFail(java.lang.String,java.lang.String) -> OnAsynRequestFail
    void onUpdateDone(java.lang.String) -> a
    void OnProgress(int,int) -> a
com.hyh.www.user.EditDataActivity$2 -> com.hyh.www.user.bp:
    com.hyh.www.user.EditDataActivity this$0 -> a
    void OnAsynRequestFail(java.lang.String,java.lang.String) -> OnAsynRequestFail
    void OnGetOneDone(com.gezitech.contract.GezitechEntity_I) -> OnGetOneDone
com.hyh.www.user.EditDataActivity$3 -> com.hyh.www.user.bq:
    com.hyh.www.user.EditDataActivity this$0 -> a
    void onClick(android.view.View) -> onClick
com.hyh.www.user.EditDataActivity$4 -> com.hyh.www.user.br:
    com.hyh.www.user.EditDataActivity this$0 -> a
    boolean val$isupload -> b
    void bitmap(android.graphics.Bitmap) -> a
com.hyh.www.user.EditDataActivity$5 -> com.hyh.www.user.bs:
    com.hyh.www.user.EditDataActivity this$0 -> a
    void onReceiveLocation(com.baidu.location.BDLocation) -> onReceiveLocation
com.hyh.www.user.EditDataActivity$6 -> com.hyh.www.user.bt:
    com.hyh.www.user.EditDataActivity this$0 -> a
    void onDataCallBack(java.util.HashMap) -> a
com.hyh.www.user.EditDataActivity$7 -> com.hyh.www.user.bu:
    com.hyh.www.user.EditDataActivity this$0 -> a
    void OnAsynRequestFail(java.lang.String,java.lang.String) -> OnAsynRequestFail
    void OnGetOneDone(com.gezitech.contract.GezitechEntity_I) -> OnGetOneDone
com.hyh.www.user.EditDataActivity$8 -> com.hyh.www.user.bv:
    com.hyh.www.user.EditDataActivity this$0 -> a
    void OnAsynRequestFail(java.lang.String,java.lang.String) -> OnAsynRequestFail
    void OnGetOneDone(com.gezitech.contract.GezitechEntity_I) -> OnGetOneDone
com.hyh.www.user.EditDataActivity$9 -> com.hyh.www.user.bw:
    com.hyh.www.user.EditDataActivity this$0 -> a
    void OnAsynRequestFail(java.lang.String,java.lang.String) -> OnAsynRequestFail
    void OnGetListDone(java.util.ArrayList) -> a
    com.hyh.www.user.EditDataActivity access$0(com.hyh.www.user.EditDataActivity$9) -> a
com.hyh.www.user.EditDataActivity$9$1 -> com.hyh.www.user.bx:
    com.hyh.www.user.EditDataActivity$9 this$1 -> a
    void onDataCallBack(java.util.HashMap) -> a
com.hyh.www.user.FeedbackActivity -> com.hyh.www.user.FeedbackActivity:
    com.hyh.www.user.FeedbackActivity _this -> a
    android.widget.Button bt_my_post -> b
    android.widget.Button bt_home_msg -> c
    android.widget.EditText ed_feedback_content -> d
    android.widget.Button feedback_tijiao -> e
    void onCreate(android.os.Bundle) -> onCreate
    void _init() -> a
    void onClick(android.view.View) -> onClick
    void _submitData() -> b
    android.widget.EditText access$0(com.hyh.www.user.FeedbackActivity) -> a
com.hyh.www.user.FeedbackActivity$1 -> com.hyh.www.user.by:
    com.hyh.www.user.FeedbackActivity this$0 -> a
    void OnAsynRequestFail(java.lang.String,java.lang.String) -> OnAsynRequestFail
    void onUpdateDone(java.lang.String) -> a