android/proguard/usage.txt
com.gezitech.service.lbs.Location_I
com.gezitech.service.lbs.Location_I$ItudeCallBack
com.gezitech.service.lbs.NotificationUtil:
    29:29:public NotificationUtil()
com.gezitech.service.lbs.SItude
com.gezitech.service.lbs.StationLocation
com.gezitech.service.lbs.StationLocation$1
com.gezitech.service.lbs.StationLocation$CellIDInfo
com.gezitech.service.lbs.StationLocation$SCell
com.gezitech.service.managers.AccountManager:
    382:447:public void incomelist(int,int,com.gezitech.contract.GezitechManager_I$OnAsynGetListListener)
    452:453:public void buylist(int,int,com.gezitech.contract.GezitechManager_I$OnAsynGetListListener)
com.gezitech.service.managers.AccountManager$6
com.gezitech.service.managers.AsynTaskOAuth2Manager
com.gezitech.service.managers.AsynTaskOAuth2Manager$AsynTask
com.gezitech.service.managers.AsynTaskOAuth2Manager$AsynTask$1
com.gezitech.service.managers.AsynTaskOAuth2Manager$Method
com.gezitech.service.managers.AsynTaskOAuth2Manager$OnAsynCallBackListener
com.gezitech.service.managers.ChatManager:
    319:320:public void deleteFriend()
    346:347:public void deleteChatContent()
com.gezitech.service.managers.DataManager:
    8:8:public DataManager()
com.gezitech.service.managers.DataManager$OrderList:
    42:47:public varargs DataManager$OrderList(java.lang.Class,com.gezitech.service.managers.DataManager$OrderItem[])
    49:51:public com.gezitech.service.managers.DataManager$OrderList add(java.lang.String,boolean)
com.gezitech.service.managers.DataManager$PersonalField:
    85:93:public static com.gezitech.service.managers.DataManager$PersonalField create(java.lang.String,java.lang.Class)
com.gezitech.service.managers.FriendManager:
    1189:1248:public void getchatrecord(int,int,java.lang.String,long,com.gezitech.contract.GezitechManager_I$OnAsynGetListListener)
com.gezitech.service.managers.FriendManager$17
com.gezitech.service.managers.UserManager:
    669:728:public void accountlist(com.gezitech.contract.GezitechManager_I$OnAsynGetOneListener)
com.gezitech.service.managers.UserManager$10
com.gezitech.service.sqlitedb.GezitechDBHelper:
    private static final int DB_VERSION
    120:128:public int dropTable(java.lang.Class)
    424:424:public varargs boolean save(com.gezitech.basic.GezitechEntity,boolean,com.gezitech.service.managers.DataManager$PersonalField[])
    497:512:public int updateAll(java.util.HashMap,java.lang.String)
    536:544:public java.util.ArrayList getIds(java.lang.String,java.lang.String)
com.gezitech.service.util.SAXParserContentHandler
com.gezitech.ui.CommonDialog:
    public static final java.lang.String CONFIGKEY
    public static final java.lang.String DIALOG_INFO_KEY
com.gezitech.ui.CommonDialog$DialogInfo:
    99:100:public void setOnCreate(com.gezitech.ui.CommonDialog$onCreateContent)
    102:103:public void setOnButtonClick(com.gezitech.ui.CommonDialog$onButtonClick)
com.gezitech.util.AttachCallListener
com.gezitech.util.CalendarUtil:
    7:7:public CalendarUtil()
com.gezitech.util.ChangeCaseUtil
com.gezitech.util.DateUtil:
    5:5:public DateUtil()
    45:50:public static void main(java.lang.String[])